# JRE version: Java(TM) SE Runtime Environment (8.0_201-b09) (build 1.8.0_201-b09)
# Java VM: Java HotSpot(TM) 64-Bit Server VM (25.201-b09 mixed mode windows-amd64 compressed oops)
Heap:
 PSYoungGen      total 302592K, used 151163K [0x00000000e0000000, 0x00000000f5500000, 0x0000000100000000)
  eden space 257536K, 41% used [0x00000000e0000000,0x00000000e67a3d18,0x00000000efb80000)
  from space 45056K, 99% used [0x00000000efb80000,0x00000000f277af80,0x00000000f2780000)
  to   space 44032K, 0% used [0x00000000f2780000,0x00000000f2780000,0x00000000f5280000)
 ParOldGen       total 215552K, used 157932K [0x00000000a0000000, 0x00000000ad280000, 0x00000000e0000000)
  object space 215552K, 73% used [0x00000000a0000000,0x00000000a9a3b098,0x00000000ad280000)
 Metaspace       used 94086K, capacity 98576K, committed 100608K, reserved 1136640K
  class space    used 12396K, capacity 13244K, committed 13824K, reserved 1048576K
GC Heap History (10 events):
Event: 218.321 GC heap before
{Heap before GC invocations=25 (full 3):
 PSYoungGen      total 238592K, used 220045K [0x00000000e0000000, 0x00000000f2280000, 0x0000000100000000)
  eden space 200192K, 100% used [0x00000000e0000000,0x00000000ec380000,0x00000000ec380000)
  from space 38400K, 51% used [0x00000000ec380000,0x00000000ed6e34e0,0x00000000ee900000)
  to   space 37376K, 0% used [0x00000000efe00000,0x00000000efe00000,0x00000000f2280000)
 ParOldGen       total 122368K, used 102213K [0x00000000a0000000, 0x00000000a7780000, 0x00000000e0000000)
  object space 122368K, 83% used [0x00000000a0000000,0x00000000a63d16f0,0x00000000a7780000)
 Metaspace       used 87880K, capacity 92648K, committed 92928K, reserved 1130496K
  class space    used 11619K, capacity 12508K, committed 12544K, reserved 1048576K
Event: 218.364 GC heap after
Heap after GC invocations=25 (full 3):
 PSYoungGen      total 254976K, used 36018K [0x00000000e0000000, 0x00000000f3b00000, 0x0000000100000000)
  eden space 217600K, 0% used [0x00000000e0000000,0x00000000e0000000,0x00000000ed480000)
  from space 37376K, 96% used [0x00000000efe00000,0x00000000f212c8a8,0x00000000f2280000)
  to   space 42496K, 0% used [0x00000000ed480000,0x00000000ed480000,0x00000000efe00000)
 ParOldGen       total 122368K, used 102221K [0x00000000a0000000, 0x00000000a7780000, 0x00000000e0000000)
  object space 122368K, 83% used [0x00000000a0000000,0x00000000a63d36f0,0x00000000a7780000)
 Metaspace       used 87880K, capacity 92648K, committed 92928K, reserved 1130496K
  class space    used 11619K, capacity 12508K, committed 12544K, reserved 1048576K
}
Event: 219.277 GC heap before
{Heap before GC invocations=26 (full 3):
 PSYoungGen      total 254976K, used 91442K [0x00000000e0000000, 0x00000000f3b00000, 0x0000000100000000)
  eden space 217600K, 25% used [0x00000000e0000000,0x00000000e3620118,0x00000000ed480000)
  from space 37376K, 96% used [0x00000000efe00000,0x00000000f212c8a8,0x00000000f2280000)
  to   space 42496K, 0% used [0x00000000ed480000,0x00000000ed480000,0x00000000efe00000)
 ParOldGen       total 122368K, used 102221K [0x00000000a0000000, 0x00000000a7780000, 0x00000000e0000000)
  object space 122368K, 83% used [0x00000000a0000000,0x00000000a63d36f0,0x00000000a7780000)
 Metaspace       used 92559K, capacity 98260K, committed 98304K, reserved 1134592K
  class space    used 12463K, capacity 13568K, committed 13568K, reserved 1048576K
Event: 219.299 GC heap after
Heap after GC invocations=26 (full 3):
 PSYoungGen      total 260096K, used 28656K [0x00000000e0000000, 0x00000000f5280000, 0x0000000100000000)
  eden space 217600K, 0% used [0x00000000e0000000,0x00000000e0000000,0x00000000ed480000)
  from space 42496K, 67% used [0x00000000ed480000,0x00000000ef07c110,0x00000000efe00000)
  to   space 44032K, 0% used [0x00000000f2780000,0x00000000f2780000,0x00000000f5280000)
 ParOldGen       total 122368K, used 102229K [0x00000000a0000000, 0x00000000a7780000, 0x00000000e0000000)
  object space 122368K, 83% used [0x00000000a0000000,0x00000000a63d56f0,0x00000000a7780000)
 Metaspace       used 92559K, capacity 98260K, committed 98304K, reserved 1134592K
  class space    used 12463K, capacity 13568K, committed 13568K, reserved 1048576K
}
Event: 219.299 GC heap before
{Heap before GC invocations=27 (full 4):
 PSYoungGen      total 260096K, used 28656K [0x00000000e0000000, 0x00000000f5280000, 0x0000000100000000)
  eden space 217600K, 0% used [0x00000000e0000000,0x00000000e0000000,0x00000000ed480000)
  from space 42496K, 67% used [0x00000000ed480000,0x00000000ef07c110,0x00000000efe00000)
  to   space 44032K, 0% used [0x00000000f2780000,0x00000000f2780000,0x00000000f5280000)
 ParOldGen       total 122368K, used 102229K [0x00000000a0000000, 0x00000000a7780000, 0x00000000e0000000)
  object space 122368K, 83% used [0x00000000a0000000,0x00000000a63d56f0,0x00000000a7780000)
 Metaspace       used 92559K, capacity 98260K, committed 98304K, reserved 1134592K
  class space    used 12463K, capacity 13568K, committed 13568K, reserved 1048576K
Event: 220.473 GC heap after
Heap after GC invocations=27 (full 4):
 PSYoungGen      total 260096K, used 0K [0x00000000e0000000, 0x00000000f5280000, 0x0000000100000000)
  eden space 217600K, 0% used [0x00000000e0000000,0x00000000e0000000,0x00000000ed480000)
  from space 42496K, 0% used [0x00000000ed480000,0x00000000ed480000,0x00000000efe00000)
  to   space 44032K, 0% used [0x00000000f2780000,0x00000000f2780000,0x00000000f5280000)
 ParOldGen       total 215552K, used 99176K [0x00000000a0000000, 0x00000000ad280000, 0x00000000e0000000)
  object space 215552K, 46% used [0x00000000a0000000,0x00000000a60da038,0x00000000ad280000)
 Metaspace       used 91463K, capacity 95642K, committed 98304K, reserved 1134592K
  class space    used 12078K, capacity 12911K, committed 13568K, reserved 1048576K
}
Event: 222.570 GC heap before
{Heap before GC invocations=28 (full 4):
 PSYoungGen      total 260096K, used 217599K [0x00000000e0000000, 0x00000000f5280000, 0x0000000100000000)
  eden space 217600K, 99% used [0x00000000e0000000,0x00000000ed47ffe0,0x00000000ed480000)
  from space 42496K, 0% used [0x00000000ed480000,0x00000000ed480000,0x00000000efe00000)
  to   space 44032K, 0% used [0x00000000f2780000,0x00000000f2780000,0x00000000f5280000)
 ParOldGen       total 215552K, used 99176K [0x00000000a0000000, 0x00000000ad280000, 0x00000000e0000000)
  object space 215552K, 46% used [0x00000000a0000000,0x00000000a60da038,0x00000000ad280000)
 Metaspace       used 93170K, capacity 97404K, committed 99968K, reserved 1136640K
  class space    used 12259K, capacity 13078K, committed 13696K, reserved 1048576K
Event: 222.592 GC heap after
Heap after GC invocations=28 (full 4):
 PSYoungGen      total 301568K, used 29099K [0x00000000e0000000, 0x00000000f5500000, 0x0000000100000000)
  eden space 257536K, 0% used [0x00000000e0000000,0x00000000e0000000,0x00000000efb80000)
  from space 44032K, 66% used [0x00000000f2780000,0x00000000f43eafe0,0x00000000f5280000)
  to   space 45056K, 0% used [0x00000000efb80000,0x00000000efb80000,0x00000000f2780000)
 ParOldGen       total 215552K, used 99184K [0x00000000a0000000, 0x00000000ad280000, 0x00000000e0000000)
  object space 215552K, 46% used [0x00000000a0000000,0x00000000a60dc038,0x00000000ad280000)
 Metaspace       used 93170K, capacity 97404K, committed 99968K, reserved 1136640K
  class space    used 12259K, capacity 13078K, committed 13696K, reserved 1048576K
}
Event: 224.629 GC heap before
{Heap before GC invocations=29 (full 4):
 PSYoungGen      total 301568K, used 286635K [0x00000000e0000000, 0x00000000f5500000, 0x0000000100000000)
  eden space 257536K, 100% used [0x00000000e0000000,0x00000000efb80000,0x00000000efb80000)
  from space 44032K, 66% used [0x00000000f2780000,0x00000000f43eafe0,0x00000000f5280000)
  to   space 45056K, 0% used [0x00000000efb80000,0x00000000efb80000,0x00000000f2780000)
 ParOldGen       total 215552K, used 99184K [0x00000000a0000000, 0x00000000ad280000, 0x00000000e0000000)
  object space 215552K, 46% used [0x00000000a0000000,0x00000000a60dc038,0x00000000ad280000)
 Metaspace       used 94026K, capacity 98512K, committed 100608K, reserved 1136640K
  class space    used 12396K, capacity 13244K, committed 13824K, reserved 1048576K
Event: 224.832 GC heap after
Heap after GC invocations=29 (full 4):
 PSYoungGen      total 302592K, used 45035K [0x00000000e0000000, 0x00000000f5500000, 0x0000000100000000)
  eden space 257536K, 0% used [0x00000000e0000000,0x00000000e0000000,0x00000000efb80000)
  from space 45056K, 99% used [0x00000000efb80000,0x00000000f277af80,0x00000000f2780000)
  to   space 44032K, 0% used [0x00000000f2780000,0x00000000f2780000,0x00000000f5280000)
 ParOldGen       total 215552K, used 157932K [0x00000000a0000000, 0x00000000ad280000, 0x00000000e0000000)
  object space 215552K, 73% used [0x00000000a0000000,0x00000000a9a3b098,0x00000000ad280000)
 Metaspace       used 94026K, capacity 98512K, committed 100608K, reserved 1136640K
  class space    used 12396K, capacity 13244K, committed 13824K, reserved 1048576K
}

